2018-02-28 02:04:47,365:INFO: Loading the datasets...
2018-02-28 02:04:47,365:INFO: - done.
2018-02-28 02:04:47,406:INFO: Starting training for 10 epoch(s)
2018-02-28 02:04:47,406:INFO: Epoch 1/10
2018-02-28 02:04:57,079:INFO: - Train metrics: loss: 0.152
2018-02-28 02:04:58,497:INFO: - Eval metrics : loss: 56.201
2018-02-28 02:04:58,524:INFO: - Found new lowest loss
2018-02-28 02:04:58,528:INFO: Epoch 2/10
2018-02-28 02:05:07,158:INFO: - Train metrics: loss: 1.144
2018-02-28 02:05:08,491:INFO: - Eval metrics : loss: 16.927
2018-02-28 02:05:08,506:INFO: - Found new lowest loss
2018-02-28 02:05:08,507:INFO: Epoch 3/10
2018-02-28 02:05:20,144:INFO: - Train metrics: loss: 4.014
2018-02-28 02:05:21,655:INFO: - Eval metrics : loss: 43.108
2018-02-28 02:05:21,671:INFO: Epoch 4/10
2018-02-28 02:05:31,670:INFO: - Train metrics: loss: 9.426
2018-02-28 02:05:33,064:INFO: - Eval metrics : loss: 22.021
2018-02-28 02:05:33,080:INFO: Epoch 5/10
2018-02-28 02:05:42,920:INFO: - Train metrics: loss: 0.000
2018-02-28 02:05:44,264:INFO: - Eval metrics : loss: 0.037
2018-02-28 02:05:44,284:INFO: - Found new lowest loss
2018-02-28 02:05:44,285:INFO: Epoch 6/10
2018-02-28 02:05:52,937:INFO: - Train metrics: loss: 0.090
2018-02-28 02:05:54,222:INFO: - Eval metrics : loss: 8.568
2018-02-28 02:05:54,239:INFO: Epoch 7/10
2018-02-28 02:06:03,818:INFO: - Train metrics: loss: 0.090
2018-02-28 02:06:05,012:INFO: - Eval metrics : loss: 8.828
2018-02-28 02:06:05,022:INFO: Epoch 8/10
2018-02-28 02:06:15,895:INFO: - Train metrics: loss: 0.002
2018-02-28 02:06:17,798:INFO: - Eval metrics : loss: 4.903
2018-02-28 02:06:17,815:INFO: Epoch 9/10
2018-02-28 02:06:28,231:INFO: - Train metrics: loss: 0.002
2018-02-28 02:06:29,570:INFO: - Eval metrics : loss: 0.823
2018-02-28 02:06:29,589:INFO: Epoch 10/10
2018-02-28 02:06:37,670:INFO: - Train metrics: loss: 0.056
2018-02-28 02:06:38,794:INFO: - Eval metrics : loss: 5.334
