2018-02-28 00:59:51,338:INFO: Loading the datasets...
2018-02-28 01:00:20,148:INFO: Loading the datasets...
2018-02-28 01:00:20,171:INFO: - done.
2018-02-28 01:01:38,749:INFO: Loading the datasets...
2018-02-28 01:01:38,768:INFO: - done.
2018-02-28 01:01:38,799:INFO: Starting training for 10 epoch(s)
2018-02-28 01:01:38,799:INFO: Epoch 1/10
2018-02-28 01:02:02,273:INFO: Loading the datasets...
2018-02-28 01:02:02,280:INFO: - done.
2018-02-28 01:02:02,319:INFO: Starting training for 10 epoch(s)
2018-02-28 01:02:02,320:INFO: Epoch 1/10
2018-02-28 01:05:29,752:INFO: Loading the datasets...
2018-02-28 01:05:29,762:INFO: - done.
2018-02-28 01:05:29,796:INFO: Starting training for 10 epoch(s)
2018-02-28 01:05:29,796:INFO: Epoch 1/10
2018-02-28 01:06:04,782:INFO: Loading the datasets...
2018-02-28 01:06:04,786:INFO: - done.
2018-02-28 01:06:04,817:INFO: Starting training for 10 epoch(s)
2018-02-28 01:06:04,817:INFO: Epoch 1/10
2018-02-28 01:06:15,397:INFO: Loading the datasets...
2018-02-28 01:06:15,403:INFO: - done.
2018-02-28 01:06:15,438:INFO: Starting training for 10 epoch(s)
2018-02-28 01:06:15,438:INFO: Epoch 1/10
2018-02-28 01:08:38,423:INFO: Loading the datasets...
2018-02-28 01:08:38,428:INFO: - done.
2018-02-28 01:08:38,470:INFO: Starting training for 10 epoch(s)
2018-02-28 01:08:38,471:INFO: Epoch 1/10
2018-02-28 01:10:29,499:INFO: Loading the datasets...
2018-02-28 01:10:29,503:INFO: - done.
2018-02-28 01:10:29,525:INFO: Starting training for 10 epoch(s)
2018-02-28 01:10:29,525:INFO: Epoch 1/10
2018-02-28 01:11:51,464:INFO: Loading the datasets...
2018-02-28 01:11:51,468:INFO: - done.
2018-02-28 01:12:06,864:INFO: Loading the datasets...
2018-02-28 01:12:06,870:INFO: - done.
2018-02-28 01:12:06,906:INFO: Starting training for 10 epoch(s)
2018-02-28 01:12:06,906:INFO: Epoch 1/10
2018-02-28 01:12:53,978:INFO: Loading the datasets...
2018-02-28 01:12:53,983:INFO: - done.
2018-02-28 01:12:54,003:INFO: Starting training for 10 epoch(s)
2018-02-28 01:12:54,003:INFO: Epoch 1/10
2018-02-28 01:13:27,226:INFO: Loading the datasets...
2018-02-28 01:13:27,233:INFO: - done.
2018-02-28 01:13:27,273:INFO: Starting training for 10 epoch(s)
2018-02-28 01:13:27,273:INFO: Epoch 1/10
2018-02-28 01:14:03,978:INFO: Loading the datasets...
2018-02-28 01:14:03,984:INFO: - done.
2018-02-28 01:14:04,020:INFO: Starting training for 10 epoch(s)
2018-02-28 01:14:04,020:INFO: Epoch 1/10
2018-02-28 01:15:16,859:INFO: Loading the datasets...
2018-02-28 01:15:16,865:INFO: - done.
2018-02-28 01:15:16,902:INFO: Starting training for 10 epoch(s)
2018-02-28 01:15:16,903:INFO: Epoch 1/10
2018-02-28 01:16:09,097:INFO: Loading the datasets...
2018-02-28 01:16:09,118:INFO: - done.
2018-02-28 01:16:09,145:INFO: Starting training for 10 epoch(s)
2018-02-28 01:16:09,145:INFO: Epoch 1/10
2018-02-28 01:16:42,719:INFO: Loading the datasets...
2018-02-28 01:16:42,725:INFO: - done.
2018-02-28 01:16:42,759:INFO: Starting training for 10 epoch(s)
2018-02-28 01:16:42,759:INFO: Epoch 1/10
2018-02-28 01:16:58,431:INFO: Loading the datasets...
2018-02-28 01:16:58,435:INFO: - done.
2018-02-28 01:16:58,456:INFO: Starting training for 10 epoch(s)
2018-02-28 01:16:58,456:INFO: Epoch 1/10
2018-02-28 01:17:31,485:INFO: Loading the datasets...
2018-02-28 01:17:31,491:INFO: - done.
2018-02-28 01:17:31,526:INFO: Starting training for 10 epoch(s)
2018-02-28 01:17:31,526:INFO: Epoch 1/10
2018-02-28 03:44:13,838:INFO: Loading the datasets...
2018-02-28 03:44:13,844:INFO: - done.
2018-02-28 03:44:22,352:INFO: Loading the datasets...
2018-02-28 03:44:22,358:INFO: - done.
2018-02-28 03:44:22,389:INFO: Starting training for 10 epoch(s)
2018-02-28 03:44:22,389:INFO: Epoch 1/10
2018-02-28 03:44:42,501:INFO: Loading the datasets...
2018-02-28 03:44:42,507:INFO: - done.
2018-02-28 03:44:42,545:INFO: Starting training for 10 epoch(s)
2018-02-28 03:44:42,545:INFO: Epoch 1/10
2018-02-28 03:44:58,946:INFO: Loading the datasets...
2018-02-28 03:44:58,947:INFO: - done.
2018-02-28 03:44:58,970:INFO: Starting training for 10 epoch(s)
2018-02-28 03:44:58,970:INFO: Epoch 1/10
2018-02-28 03:45:09,180:INFO: - Train metrics: loss: 0.079
2018-02-28 03:45:10,300:INFO: - Eval metrics : loss: 0.077
2018-02-28 03:45:10,340:INFO: - Found new lowest loss
2018-02-28 03:45:10,343:INFO: Epoch 2/10
2018-02-28 03:45:22,094:INFO: - Train metrics: loss: 0.042
2018-02-28 03:45:23,251:INFO: - Eval metrics : loss: 0.292
2018-02-28 03:45:23,267:INFO: Epoch 3/10
2018-02-28 03:45:33,997:INFO: - Train metrics: loss: 0.056
2018-02-28 03:45:35,090:INFO: - Eval metrics : loss: 0.073
2018-02-28 03:45:35,122:INFO: - Found new lowest loss
2018-02-28 03:45:35,125:INFO: Epoch 4/10
2018-02-28 03:45:46,506:INFO: - Train metrics: loss: 0.010
2018-02-28 03:45:47,514:INFO: - Eval metrics : loss: 0.019
2018-02-28 03:45:47,548:INFO: - Found new lowest loss
2018-02-28 03:45:47,550:INFO: Epoch 5/10
2018-02-28 03:45:59,550:INFO: - Train metrics: loss: 0.012
2018-02-28 03:46:00,538:INFO: - Eval metrics : loss: 0.044
2018-02-28 03:46:00,555:INFO: Epoch 6/10
2018-02-28 03:46:12,446:INFO: - Train metrics: loss: 0.017
2018-02-28 03:46:13,498:INFO: - Eval metrics : loss: 0.004
2018-02-28 03:46:13,539:INFO: - Found new lowest loss
2018-02-28 03:46:13,541:INFO: Epoch 7/10
2018-02-28 03:46:24,697:INFO: - Train metrics: loss: 0.003
2018-02-28 03:46:25,939:INFO: - Eval metrics : loss: 0.019
2018-02-28 03:46:25,960:INFO: Epoch 8/10
2018-02-28 03:46:36,696:INFO: - Train metrics: loss: 0.002
2018-02-28 03:46:37,964:INFO: - Eval metrics : loss: 0.049
2018-02-28 03:46:37,984:INFO: Epoch 9/10
2018-02-28 03:46:50,366:INFO: - Train metrics: loss: 0.007
2018-02-28 03:46:51,524:INFO: - Eval metrics : loss: 0.034
2018-02-28 03:46:51,545:INFO: Epoch 10/10
2018-02-28 03:47:03,000:INFO: - Train metrics: loss: 0.005
2018-02-28 03:47:03,953:INFO: - Eval metrics : loss: 0.006
2018-02-28 03:48:32,308:INFO: Loading the datasets...
2018-02-28 03:48:32,308:INFO: - done.
2018-02-28 03:48:32,330:INFO: Starting training for 10 epoch(s)
2018-02-28 03:48:32,330:INFO: Epoch 1/10
2018-02-28 03:48:41,105:INFO: Loading the datasets...
2018-02-28 03:48:41,106:INFO: - done.
2018-02-28 03:48:41,127:INFO: Starting training for 10 epoch(s)
2018-02-28 03:48:41,127:INFO: Epoch 1/10
2018-02-28 03:48:48,640:INFO: - Train metrics: loss: 0.152
2018-02-28 03:48:49,713:INFO: - Eval metrics : loss: 0.377
2018-02-28 03:48:49,745:INFO: - Found new lowest loss
2018-02-28 03:48:49,747:INFO: Epoch 2/10
2018-02-28 03:48:58,194:INFO: - Train metrics: loss: 0.006
2018-02-28 03:48:59,398:INFO: - Eval metrics : loss: 0.023
2018-02-28 03:48:59,450:INFO: - Found new lowest loss
2018-02-28 03:48:59,455:INFO: Epoch 3/10
2018-02-28 03:49:07,943:INFO: - Train metrics: loss: 0.005
2018-02-28 03:49:08,952:INFO: - Eval metrics : loss: 0.026
2018-02-28 03:49:08,984:INFO: Epoch 4/10
2018-02-28 03:49:17,514:INFO: - Train metrics: loss: 0.002
2018-02-28 03:49:18,760:INFO: - Eval metrics : loss: 0.039
2018-02-28 03:49:18,798:INFO: Epoch 5/10
2018-02-28 03:49:27,032:INFO: - Train metrics: loss: 0.001
2018-02-28 03:49:28,016:INFO: - Eval metrics : loss: 0.010
2018-02-28 03:49:28,079:INFO: - Found new lowest loss
2018-02-28 03:49:28,082:INFO: Epoch 6/10
2018-02-28 03:49:37,254:INFO: - Train metrics: loss: 0.002
2018-02-28 03:49:38,741:INFO: - Eval metrics : loss: 0.018
2018-02-28 03:49:38,762:INFO: Epoch 7/10
2018-02-28 03:49:47,599:INFO: - Train metrics: loss: 0.000
2018-02-28 03:49:48,722:INFO: - Eval metrics : loss: 0.023
2018-02-28 03:49:48,742:INFO: Epoch 8/10
2018-02-28 03:49:56,475:INFO: - Train metrics: loss: 0.001
2018-02-28 03:49:57,778:INFO: - Eval metrics : loss: 0.010
2018-02-28 03:49:57,802:INFO: Epoch 9/10
2018-02-28 03:50:06,970:INFO: - Train metrics: loss: 0.001
2018-02-28 03:50:08,018:INFO: - Eval metrics : loss: 0.016
2018-02-28 03:50:08,035:INFO: Epoch 10/10
2018-02-28 03:50:16,446:INFO: - Train metrics: loss: 0.010
2018-02-28 03:50:17,693:INFO: - Eval metrics : loss: 0.067
2018-02-28 03:52:14,523:INFO: Loading the datasets...
2018-02-28 03:52:14,523:INFO: - done.
2018-02-28 03:52:14,552:INFO: Starting training for 10 epoch(s)
2018-02-28 03:52:14,552:INFO: Epoch 1/10
2018-02-28 03:52:24,578:INFO: - Train metrics: loss: 0.152
2018-02-28 03:52:30,705:INFO: - Eval metrics : loss: 0.377
2018-02-28 03:53:39,702:INFO: Loading the datasets...
2018-02-28 03:53:39,702:INFO: - done.
2018-02-28 03:53:39,727:INFO: Starting training for 10 epoch(s)
2018-02-28 03:53:39,727:INFO: Epoch 1/10
2018-02-28 03:53:47,263:INFO: - Train metrics: loss: 0.152
2018-02-28 03:53:48,849:INFO: - Eval metrics : loss: 0.377
2018-02-28 03:53:48,883:INFO: - Found new lowest loss
2018-02-28 03:53:48,885:INFO: Epoch 2/10
2018-02-28 03:53:56,073:INFO: - Train metrics: loss: 0.006
2018-02-28 03:53:57,096:INFO: - Eval metrics : loss: 0.023
2018-02-28 03:53:57,144:INFO: - Found new lowest loss
2018-02-28 03:53:57,146:INFO: Epoch 3/10
2018-02-28 03:54:06,744:INFO: - Train metrics: loss: 0.005
2018-02-28 03:54:07,723:INFO: - Eval metrics : loss: 0.026
2018-02-28 03:54:07,743:INFO: Epoch 4/10
2018-02-28 03:54:15,336:INFO: - Train metrics: loss: 0.002
2018-02-28 03:54:16,455:INFO: - Eval metrics : loss: 0.039
2018-02-28 03:54:16,485:INFO: Epoch 5/10
2018-02-28 03:54:23,521:INFO: - Train metrics: loss: 0.001
2018-02-28 03:54:24,565:INFO: - Eval metrics : loss: 0.010
2018-02-28 03:54:24,603:INFO: - Found new lowest loss
2018-02-28 03:54:24,605:INFO: Epoch 6/10
2018-02-28 03:54:32,257:INFO: - Train metrics: loss: 0.002
2018-02-28 03:54:33,338:INFO: - Eval metrics : loss: 0.018
2018-02-28 03:54:33,356:INFO: Epoch 7/10
2018-02-28 03:54:41,464:INFO: - Train metrics: loss: 0.000
2018-02-28 03:54:42,969:INFO: - Eval metrics : loss: 0.023
2018-02-28 03:54:42,985:INFO: Epoch 8/10
2018-02-28 03:54:50,846:INFO: - Train metrics: loss: 0.001
2018-02-28 03:54:51,901:INFO: - Eval metrics : loss: 0.010
2018-02-28 03:54:51,920:INFO: Epoch 9/10
2018-02-28 03:54:59,969:INFO: - Train metrics: loss: 0.001
2018-02-28 03:55:01,020:INFO: - Eval metrics : loss: 0.016
2018-02-28 03:55:01,051:INFO: Epoch 10/10
2018-02-28 03:55:08,396:INFO: - Train metrics: loss: 0.010
2018-02-28 03:55:09,574:INFO: - Eval metrics : loss: 0.067
2018-02-28 04:27:13,775:INFO: Loading the datasets...
2018-02-28 04:27:13,780:INFO: - done.
2018-02-28 04:27:13,810:INFO: Starting training for 10 epoch(s)
2018-02-28 04:27:13,811:INFO: Epoch 1/10
2018-02-28 04:27:38,008:INFO: Loading the datasets...
2018-02-28 04:27:38,013:INFO: - done.
2018-02-28 04:27:38,047:INFO: Starting training for 10 epoch(s)
2018-02-28 04:27:38,047:INFO: Epoch 1/10
2018-02-28 04:30:22,259:INFO: Loading the datasets...
2018-02-28 04:30:22,269:INFO: - done.
2018-02-28 04:30:22,302:INFO: Starting training for 10 epoch(s)
2018-02-28 04:30:22,302:INFO: Epoch 1/10
2018-02-28 04:30:42,702:INFO: Loading the datasets...
2018-02-28 04:30:42,703:INFO: - done.
2018-02-28 04:30:42,724:INFO: Starting training for 10 epoch(s)
2018-02-28 04:30:42,724:INFO: Epoch 1/10
2018-02-28 04:36:56,625:INFO: Loading the datasets...
2018-02-28 04:36:56,625:INFO: - done.
2018-02-28 04:36:56,671:INFO: Starting training for 10 epoch(s)
2018-02-28 04:36:56,671:INFO: Epoch 1/10
2018-02-28 04:37:11,542:INFO: Loading the datasets...
2018-02-28 04:37:11,543:INFO: - done.
2018-02-28 04:37:11,581:INFO: Starting training for 10 epoch(s)
2018-02-28 04:37:11,582:INFO: Epoch 1/10
2018-02-28 04:37:20,207:INFO: Loading the datasets...
2018-02-28 04:37:20,208:INFO: - done.
2018-02-28 04:37:20,239:INFO: Starting training for 10 epoch(s)
2018-02-28 04:37:20,239:INFO: Epoch 1/10
2018-02-28 04:37:47,766:INFO: Loading the datasets...
2018-02-28 04:37:47,766:INFO: - done.
2018-02-28 04:37:47,807:INFO: Starting training for 10 epoch(s)
2018-02-28 04:37:47,808:INFO: Epoch 1/10
2018-02-28 04:37:57,625:INFO: Loading the datasets...
2018-02-28 04:37:57,625:INFO: - done.
2018-02-28 04:37:57,654:INFO: Starting training for 10 epoch(s)
2018-02-28 04:37:57,654:INFO: Epoch 1/10
2018-02-28 04:38:18,851:INFO: Loading the datasets...
2018-02-28 04:38:18,852:INFO: - done.
2018-02-28 04:38:18,885:INFO: Starting training for 10 epoch(s)
2018-02-28 04:38:18,885:INFO: Epoch 1/10
2018-02-28 04:38:35,047:INFO: Loading the datasets...
2018-02-28 04:38:35,047:INFO: - done.
2018-02-28 04:38:35,080:INFO: Starting training for 10 epoch(s)
2018-02-28 04:38:35,080:INFO: Epoch 1/10
2018-02-28 04:38:42,302:INFO: - Train metrics: loss: 27.827
2018-02-28 04:39:20,145:INFO: Loading the datasets...
2018-02-28 04:39:20,145:INFO: - done.
2018-02-28 04:39:20,178:INFO: Starting training for 10 epoch(s)
2018-02-28 04:39:20,179:INFO: Epoch 1/10
2018-02-28 04:39:27,909:INFO: - Train metrics: loss: 27.827
2018-02-28 04:39:35,616:INFO: Loading the datasets...
2018-02-28 04:39:35,616:INFO: - done.
2018-02-28 04:39:35,650:INFO: Starting training for 10 epoch(s)
2018-02-28 04:39:35,650:INFO: Epoch 1/10
2018-02-28 04:39:43,339:INFO: - Train metrics: loss: 27.827
2018-02-28 04:39:44,388:INFO: - Eval metrics : loss: 63.304
2018-02-28 04:39:44,435:INFO: - Found new lowest loss
2018-02-28 04:39:44,437:INFO: Epoch 2/10
2018-02-28 04:39:52,759:INFO: - Train metrics: loss: 8.672
2018-02-28 04:39:53,896:INFO: - Eval metrics : loss: 39.193
2018-02-28 04:39:53,929:INFO: - Found new lowest loss
2018-02-28 04:39:53,931:INFO: Epoch 3/10
2018-02-28 04:40:03,005:INFO: - Train metrics: loss: 156.839
2018-02-28 04:40:04,145:INFO: - Eval metrics : loss: 21.432
2018-02-28 04:40:04,185:INFO: - Found new lowest loss
2018-02-28 04:40:04,188:INFO: Epoch 4/10
2018-02-28 04:41:13,831:INFO: Loading the datasets...
2018-02-28 04:41:13,832:INFO: - done.
2018-02-28 04:41:13,866:INFO: Starting training for 10 epoch(s)
2018-02-28 04:41:13,866:INFO: Epoch 1/10
2018-02-28 04:41:26,875:INFO: Loading the datasets...
2018-02-28 04:41:26,875:INFO: - done.
2018-02-28 04:41:26,911:INFO: Starting training for 10 epoch(s)
2018-02-28 04:41:26,911:INFO: Epoch 1/10
2018-02-28 04:41:34,740:INFO: - Train metrics: loss: 0.152
2018-02-28 04:42:42,133:INFO: Loading the datasets...
2018-02-28 04:42:42,134:INFO: - done.
2018-02-28 04:42:42,174:INFO: Starting training for 10 epoch(s)
2018-02-28 04:42:42,174:INFO: Epoch 1/10
2018-02-28 04:42:50,105:INFO: - Train metrics: loss: 0.152
2018-02-28 04:42:51,213:INFO: - Eval metrics : loss: 0.377
2018-02-28 04:42:51,251:INFO: - Found new lowest loss
2018-02-28 04:42:51,255:INFO: Epoch 2/10
2018-02-28 04:43:01,912:INFO: - Train metrics: loss: 0.006
2018-02-28 04:43:03,182:INFO: - Eval metrics : loss: 0.023
2018-02-28 04:43:03,228:INFO: - Found new lowest loss
2018-02-28 04:43:03,231:INFO: Epoch 3/10
2018-02-28 04:43:12,555:INFO: - Train metrics: loss: 0.005
2018-02-28 04:43:13,729:INFO: - Eval metrics : loss: 0.026
2018-02-28 04:43:13,763:INFO: Epoch 4/10
2018-02-28 04:43:22,170:INFO: - Train metrics: loss: 0.002
2018-02-28 04:43:23,310:INFO: - Eval metrics : loss: 0.039
2018-02-28 04:43:23,339:INFO: Epoch 5/10
2018-02-28 04:43:31,154:INFO: - Train metrics: loss: 0.001
2018-02-28 04:43:32,279:INFO: - Eval metrics : loss: 0.010
2018-02-28 04:43:32,311:INFO: - Found new lowest loss
2018-02-28 04:43:32,313:INFO: Epoch 6/10
2018-02-28 04:43:40,506:INFO: - Train metrics: loss: 0.002
2018-02-28 04:43:41,525:INFO: - Eval metrics : loss: 0.018
2018-02-28 04:43:41,547:INFO: Epoch 7/10
2018-02-28 04:43:49,363:INFO: - Train metrics: loss: 0.000
2018-02-28 04:43:51,280:INFO: Loading the datasets...
2018-02-28 04:43:51,281:INFO: - done.
2018-02-28 04:43:51,316:INFO: Starting training for 10 epoch(s)
2018-02-28 04:43:51,317:INFO: Epoch 1/10
2018-02-28 04:43:58,628:INFO: - Train metrics: loss: 0.128
2018-02-28 04:43:59,702:INFO: - Eval metrics : loss: 0.363
2018-02-28 04:43:59,744:INFO: - Found new lowest loss
2018-02-28 04:43:59,747:INFO: Epoch 2/10
2018-02-28 04:44:07,175:INFO: - Train metrics: loss: 0.005
2018-02-28 04:44:08,150:INFO: - Eval metrics : loss: 0.017
2018-02-28 04:44:08,203:INFO: - Found new lowest loss
2018-02-28 04:44:08,205:INFO: Epoch 3/10
2018-02-28 04:44:16,553:INFO: - Train metrics: loss: 0.004
2018-02-28 04:44:17,802:INFO: - Eval metrics : loss: 0.079
2018-02-28 04:44:17,820:INFO: Epoch 4/10
2018-02-28 04:44:25,524:INFO: - Train metrics: loss: 0.014
2018-02-28 04:44:26,546:INFO: - Eval metrics : loss: 0.048
2018-02-28 04:44:26,565:INFO: Epoch 5/10
2018-02-28 04:44:35,033:INFO: - Train metrics: loss: 0.000
2018-02-28 04:44:36,080:INFO: - Eval metrics : loss: 0.034
2018-02-28 04:44:36,105:INFO: Epoch 6/10
2018-02-28 04:44:44,215:INFO: - Train metrics: loss: 0.016
2018-02-28 04:44:45,381:INFO: - Eval metrics : loss: 0.089
2018-02-28 04:44:45,402:INFO: Epoch 7/10
2018-02-28 04:44:54,641:INFO: - Train metrics: loss: 0.002
2018-02-28 04:44:55,933:INFO: - Eval metrics : loss: 0.023
2018-02-28 04:44:55,957:INFO: Epoch 8/10
2018-02-28 04:45:04,963:INFO: - Train metrics: loss: 0.000
2018-02-28 04:45:06,181:INFO: - Eval metrics : loss: 0.003
2018-02-28 04:45:06,221:INFO: - Found new lowest loss
2018-02-28 04:45:06,223:INFO: Epoch 9/10
2018-02-28 04:45:14,350:INFO: - Train metrics: loss: 0.000
2018-02-28 04:45:15,728:INFO: - Eval metrics : loss: 0.012
2018-02-28 04:45:15,757:INFO: Epoch 10/10
2018-02-28 04:45:24,452:INFO: - Train metrics: loss: 0.000
2018-02-28 04:45:25,589:INFO: - Eval metrics : loss: 0.014
2018-02-28 04:46:55,072:INFO: Loading the datasets...
2018-02-28 04:46:55,072:INFO: - done.
2018-02-28 04:46:55,107:INFO: Starting training for 10 epoch(s)
2018-02-28 04:46:55,108:INFO: Epoch 1/10
2018-02-28 04:47:02,982:INFO: - Train metrics: loss: 0.128
2018-02-28 04:47:04,019:INFO: - Eval metrics : loss: 0.363
2018-02-28 04:47:18,933:INFO: - Found new lowest loss
2018-02-28 04:47:18,934:INFO: Epoch 2/10
2018-02-28 04:47:27,051:INFO: - Train metrics: loss: 0.005
2018-02-28 04:47:28,148:INFO: - Eval metrics : loss: 0.017
2018-02-28 04:47:46,437:INFO: - Found new lowest loss
2018-02-28 04:47:46,439:INFO: Epoch 3/10
2018-02-28 04:47:54,419:INFO: - Train metrics: loss: 0.004
2018-02-28 04:47:55,490:INFO: - Eval metrics : loss: 0.079
2018-02-28 04:47:56,566:INFO: Epoch 4/10
2018-02-28 15:19:38,554:INFO: Loading the datasets...
2018-02-28 15:19:38,592:INFO: - done.
2018-02-28 15:19:38,621:INFO: Starting training for 10 epoch(s)
2018-02-28 15:19:38,622:INFO: Epoch 1/10
2018-02-28 15:19:59,520:INFO: Loading the datasets...
2018-02-28 15:19:59,605:INFO: - done.
2018-02-28 15:19:59,631:INFO: Starting training for 10 epoch(s)
2018-02-28 15:19:59,631:INFO: Epoch 1/10
