2018-03-14 04:59:27,562:INFO: Loading the datasets...
2018-03-14 04:59:27,574:INFO: - done.
2018-03-14 04:59:29,979:INFO: Starting training for 10 epoch(s)
2018-03-14 04:59:29,979:INFO: Epoch 1/10
2018-03-14 05:07:59,592:INFO: - Train metrics: loss: 0.461 ; r2: 0.026
2018-03-14 05:08:53,395:INFO: - Eval metrics : loss: 0.080 ; r2: 0.732
2018-03-14 05:08:53,413:INFO: - Found new lowest loss
2018-03-14 05:08:53,414:INFO: Epoch 2/10
2018-03-14 05:17:22,262:INFO: - Train metrics: loss: 0.045 ; r2: 0.770
2018-03-14 05:18:16,112:INFO: - Eval metrics : loss: 0.051 ; r2: 0.841
2018-03-14 05:18:16,143:INFO: - Found new lowest loss
2018-03-14 05:18:16,144:INFO: Epoch 3/10
2018-03-14 05:26:44,926:INFO: - Train metrics: loss: 0.038 ; r2: 0.867
2018-03-14 05:27:38,718:INFO: - Eval metrics : loss: 0.041 ; r2: 0.869
2018-03-14 05:27:38,746:INFO: - Found new lowest loss
2018-03-14 05:27:38,747:INFO: Epoch 4/10
2018-03-14 05:36:07,655:INFO: - Train metrics: loss: 0.021 ; r2: 0.883
2018-03-14 05:37:01,455:INFO: - Eval metrics : loss: 0.037 ; r2: 0.880
2018-03-14 05:37:01,489:INFO: - Found new lowest loss
2018-03-14 05:37:01,490:INFO: Epoch 5/10
2018-03-14 05:45:30,420:INFO: - Train metrics: loss: 0.032 ; r2: 0.900
2018-03-14 05:46:24,208:INFO: - Eval metrics : loss: 0.035 ; r2: 0.890
2018-03-14 05:46:24,237:INFO: - Found new lowest loss
2018-03-14 05:46:24,238:INFO: Epoch 6/10
2018-03-14 05:54:53,148:INFO: - Train metrics: loss: 0.034 ; r2: 0.826
2018-03-14 05:55:46,993:INFO: - Eval metrics : loss: 0.036 ; r2: 0.886
2018-03-14 05:55:47,011:INFO: Epoch 7/10
2018-03-14 06:04:15,916:INFO: - Train metrics: loss: 0.038 ; r2: 0.803
2018-03-14 06:05:09,715:INFO: - Eval metrics : loss: 0.032 ; r2: 0.897
2018-03-14 06:05:09,748:INFO: - Found new lowest loss
2018-03-14 06:05:09,749:INFO: Epoch 8/10
2018-03-14 06:13:38,677:INFO: - Train metrics: loss: 0.022 ; r2: 0.920
2018-03-14 06:14:32,467:INFO: - Eval metrics : loss: 0.033 ; r2: 0.897
2018-03-14 06:14:32,484:INFO: Epoch 9/10
2018-03-14 06:23:01,394:INFO: - Train metrics: loss: 0.038 ; r2: 0.841
2018-03-14 06:23:55,257:INFO: - Eval metrics : loss: 0.032 ; r2: 0.899
2018-03-14 06:23:55,285:INFO: - Found new lowest loss
2018-03-14 06:23:55,287:INFO: Epoch 10/10
2018-03-14 06:32:24,149:INFO: - Train metrics: loss: 0.025 ; r2: 0.919
2018-03-14 06:33:17,947:INFO: - Eval metrics : loss: 0.031 ; r2: 0.902
2018-03-14 06:33:17,980:INFO: - Found new lowest loss
