2018-02-28 01:56:57,110:INFO: Loading the datasets...
2018-02-28 01:56:57,111:INFO: - done.
2018-02-28 01:56:57,160:INFO: Starting training for 10 epoch(s)
2018-02-28 01:56:57,160:INFO: Epoch 1/10
2018-02-28 01:57:11,335:INFO: - Train metrics: loss: 0.152
2018-02-28 01:57:13,379:INFO: - Eval metrics : loss: 0.277
2018-02-28 02:02:15,552:INFO: Loading the datasets...
2018-02-28 02:02:15,553:INFO: - done.
2018-02-28 02:02:15,699:INFO: Starting training for 10 epoch(s)
2018-02-28 02:02:15,699:INFO: Epoch 1/10
2018-02-28 02:02:29,230:INFO: - Train metrics: loss: 0.152
2018-02-28 02:02:30,846:INFO: - Eval metrics : loss: 0.277
2018-02-28 02:02:30,876:INFO: - Found new lowest loss
2018-02-28 02:02:30,879:INFO: Epoch 2/10
2018-02-28 02:02:42,917:INFO: - Train metrics: loss: 0.003
2018-02-28 02:02:44,520:INFO: - Eval metrics : loss: 0.037
2018-02-28 02:02:44,545:INFO: - Found new lowest loss
2018-02-28 02:02:44,546:INFO: Epoch 3/10
2018-02-28 02:03:00,292:INFO: - Train metrics: loss: 0.014
2018-02-28 02:03:02,664:INFO: - Eval metrics : loss: 0.181
2018-02-28 02:03:02,680:INFO: Epoch 4/10
2018-02-28 02:03:14,262:INFO: - Train metrics: loss: 0.018
2018-02-28 02:03:15,750:INFO: - Eval metrics : loss: 0.001
2018-02-28 02:03:16,293:INFO: - Found new lowest loss
2018-02-28 02:03:16,294:INFO: Epoch 5/10
2018-02-28 02:03:29,525:INFO: - Train metrics: loss: 0.001
2018-02-28 02:03:32,599:INFO: - Eval metrics : loss: 0.108
2018-02-28 02:03:32,645:INFO: Epoch 6/10
2018-02-28 02:03:50,529:INFO: - Train metrics: loss: 0.047
2018-02-28 02:03:51,897:INFO: - Eval metrics : loss: 0.018
2018-02-28 02:03:51,918:INFO: Epoch 7/10
2018-02-28 02:04:06,483:INFO: - Train metrics: loss: 0.001
2018-02-28 02:04:08,954:INFO: - Eval metrics : loss: 0.038
2018-02-28 02:04:08,974:INFO: Epoch 8/10
2018-02-28 02:04:20,156:INFO: - Train metrics: loss: 0.001
2018-02-28 02:04:21,439:INFO: - Eval metrics : loss: 0.012
2018-02-28 02:04:21,492:INFO: Epoch 9/10
2018-02-28 02:04:31,479:INFO: - Train metrics: loss: 0.001
2018-02-28 02:04:32,746:INFO: - Eval metrics : loss: 0.037
2018-02-28 02:04:32,764:INFO: Epoch 10/10
2018-02-28 02:04:43,215:INFO: - Train metrics: loss: 0.021
2018-02-28 02:04:44,457:INFO: - Eval metrics : loss: 0.021
